<?xml version="1.0" encoding="UTF-8"?>
<testsuite xmlns:xsi="http://www.w3.org/2001/XMLSchema-instance" xsi:noNamespaceSchemaLocation="https://maven.apache.org/surefire/maven-surefire-plugin/xsd/surefire-test-report-3.0.xsd" version="3.0" name="InventoryAllocatorTest" time="0.03" tests="13" errors="0" skipped="0" failures="0">
  <properties>
    <property name="gopherProxySet" value="false"/>
    <property name="awt.toolkit" value="sun.lwawt.macosx.LWCToolkit"/>
    <property name="file.encoding.pkg" value="sun.io"/>
    <property name="java.specification.version" value="1.8"/>
    <property name="sun.cpu.isalist" value=""/>
    <property name="sun.jnu.encoding" value="UTF-8"/>
    <property name="java.class.path" value="/Users/praveen/Desktop/Hackthons/Questions/Deliverr/recruiting-exercises/inventory-allocator/target/test-classes:/Users/praveen/Desktop/Hackthons/Questions/Deliverr/recruiting-exercises/inventory-allocator/target/classes:/Users/praveen/.m2/repository/junit/junit/4.13/junit-4.13.jar:/Users/praveen/.m2/repository/org/hamcrest/hamcrest-core/1.3/hamcrest-core-1.3.jar:"/>
    <property name="java.vm.vendor" value="Oracle Corporation"/>
    <property name="sun.arch.data.model" value="64"/>
    <property name="java.vendor.url" value="http://java.oracle.com/"/>
    <property name="user.timezone" value=""/>
    <property name="java.vm.specification.version" value="1.8"/>
    <property name="os.name" value="Mac OS X"/>
    <property name="user.country" value="US"/>
    <property name="sun.java.launcher" value="SUN_STANDARD"/>
    <property name="sun.boot.library.path" value="/Library/Java/JavaVirtualMachines/jdk1.8.0_201.jdk/Contents/Home/jre/lib"/>
    <property name="sun.java.command" value="/Users/praveen/Desktop/Hackthons/Questions/Deliverr/recruiting-exercises/inventory-allocator/target/surefire/surefirebooter225740568582161209.jar /Users/praveen/Desktop/Hackthons/Questions/Deliverr/recruiting-exercises/inventory-allocator/target/surefire 2020-08-24T23-22-02_646-jvmRun1 surefire8311069735398816717tmp surefire_04725798931899258031tmp"/>
    <property name="http.nonProxyHosts" value="local|*.local|169.254/16|*.169.254/16"/>
    <property name="surefire.test.class.path" value="/Users/praveen/Desktop/Hackthons/Questions/Deliverr/recruiting-exercises/inventory-allocator/target/test-classes:/Users/praveen/Desktop/Hackthons/Questions/Deliverr/recruiting-exercises/inventory-allocator/target/classes:/Users/praveen/.m2/repository/junit/junit/4.13/junit-4.13.jar:/Users/praveen/.m2/repository/org/hamcrest/hamcrest-core/1.3/hamcrest-core-1.3.jar:"/>
    <property name="sun.cpu.endian" value="little"/>
    <property name="user.home" value="/Users/praveen"/>
    <property name="user.language" value="en"/>
    <property name="java.specification.vendor" value="Oracle Corporation"/>
    <property name="java.home" value="/Library/Java/JavaVirtualMachines/jdk1.8.0_201.jdk/Contents/Home/jre"/>
    <property name="basedir" value="/Users/praveen/Desktop/Hackthons/Questions/Deliverr/recruiting-exercises/inventory-allocator"/>
    <property name="file.separator" value="/"/>
    <property name="line.separator" value="&#10;"/>
    <property name="java.vm.specification.vendor" value="Oracle Corporation"/>
    <property name="java.specification.name" value="Java Platform API Specification"/>
    <property name="java.awt.graphicsenv" value="sun.awt.CGraphicsEnvironment"/>
    <property name="surefire.real.class.path" value="/Users/praveen/Desktop/Hackthons/Questions/Deliverr/recruiting-exercises/inventory-allocator/target/surefire/surefirebooter225740568582161209.jar"/>
    <property name="sun.boot.class.path" value="/Library/Java/JavaVirtualMachines/jdk1.8.0_201.jdk/Contents/Home/jre/lib/resources.jar:/Library/Java/JavaVirtualMachines/jdk1.8.0_201.jdk/Contents/Home/jre/lib/rt.jar:/Library/Java/JavaVirtualMachines/jdk1.8.0_201.jdk/Contents/Home/jre/lib/sunrsasign.jar:/Library/Java/JavaVirtualMachines/jdk1.8.0_201.jdk/Contents/Home/jre/lib/jsse.jar:/Library/Java/JavaVirtualMachines/jdk1.8.0_201.jdk/Contents/Home/jre/lib/jce.jar:/Library/Java/JavaVirtualMachines/jdk1.8.0_201.jdk/Contents/Home/jre/lib/charsets.jar:/Library/Java/JavaVirtualMachines/jdk1.8.0_201.jdk/Contents/Home/jre/lib/jfr.jar:/Library/Java/JavaVirtualMachines/jdk1.8.0_201.jdk/Contents/Home/jre/classes"/>
    <property name="sun.management.compiler" value="HotSpot 64-Bit Tiered Compilers"/>
    <property name="ftp.nonProxyHosts" value="local|*.local|169.254/16|*.169.254/16"/>
    <property name="java.runtime.version" value="1.8.0_201-b09"/>
    <property name="user.name" value="praveen"/>
    <property name="path.separator" value=":"/>
    <property name="os.version" value="10.15.1"/>
    <property name="java.endorsed.dirs" value="/Library/Java/JavaVirtualMachines/jdk1.8.0_201.jdk/Contents/Home/jre/lib/endorsed"/>
    <property name="java.runtime.name" value="Java(TM) SE Runtime Environment"/>
    <property name="file.encoding" value="UTF-8"/>
    <property name="java.vm.name" value="Java HotSpot(TM) 64-Bit Server VM"/>
    <property name="localRepository" value="/Users/praveen/.m2/repository"/>
    <property name="java.vendor.url.bug" value="http://bugreport.sun.com/bugreport/"/>
    <property name="java.io.tmpdir" value="/var/folders/49/9gd6gq2n1vb7jhnswkb32z0h0000gn/T/"/>
    <property name="java.version" value="1.8.0_201"/>
    <property name="user.dir" value="/Users/praveen/Desktop/Hackthons/Questions/Deliverr/recruiting-exercises/inventory-allocator"/>
    <property name="os.arch" value="x86_64"/>
    <property name="java.vm.specification.name" value="Java Virtual Machine Specification"/>
    <property name="java.awt.printerjob" value="sun.lwawt.macosx.CPrinterJob"/>
    <property name="sun.os.patch.level" value="unknown"/>
    <property name="java.library.path" value="/Users/praveen/Library/Java/Extensions:/Library/Java/Extensions:/Network/Library/Java/Extensions:/System/Library/Java/Extensions:/usr/lib/java:."/>
    <property name="java.vm.info" value="mixed mode"/>
    <property name="java.vendor" value="Oracle Corporation"/>
    <property name="java.vm.version" value="25.201-b09"/>
    <property name="java.ext.dirs" value="/Users/praveen/Library/Java/Extensions:/Library/Java/JavaVirtualMachines/jdk1.8.0_201.jdk/Contents/Home/jre/lib/ext:/Library/Java/Extensions:/Network/Library/Java/Extensions:/System/Library/Java/Extensions:/usr/lib/java"/>
    <property name="sun.io.unicode.encoding" value="UnicodeBig"/>
    <property name="java.class.version" value="52.0"/>
    <property name="socksNonProxyHosts" value="local|*.local|169.254/16|*.169.254/16"/>
  </properties>
  <testcase name="properManyShipmentManyOrderItemsManyWarehouses" classname="InventoryAllocatorTest" time="0.009">
    <system-err><![CDATA[Aug 24, 2020 11:22:03 PM InventoryAllocator allocateShipment
INFO: All shipments are done
]]></system-err>
  </testcase>
  <testcase name="happyCaseExactInventoryMatch" classname="InventoryAllocatorTest" time="0.001">
    <system-err><![CDATA[Aug 24, 2020 11:22:03 PM InventoryAllocator allocateShipment
INFO: All shipments are done
]]></system-err>
  </testcase>
  <testcase name="properSingleShipmentManyOrderItemsManyWarehouses" classname="InventoryAllocatorTest" time="0.002">
    <system-err><![CDATA[Aug 24, 2020 11:22:03 PM InventoryAllocator allocateShipment
INFO: All shipments are done
]]></system-err>
  </testcase>
  <testcase name="splittingOrderAcrossMultipleWarehouses" classname="InventoryAllocatorTest" time="0.001">
    <system-err><![CDATA[Aug 24, 2020 11:22:03 PM InventoryAllocator allocateShipment
INFO: All shipments are done
]]></system-err>
  </testcase>
  <testcase name="incompleteShipmentWithManyOrderItemOneWarehouses" classname="InventoryAllocatorTest" time="0"/>
  <testcase name="properShipmentWithOnlyOneOrderSingleWarehouses" classname="InventoryAllocatorTest" time="0.001">
    <system-err><![CDATA[Aug 24, 2020 11:22:03 PM InventoryAllocator allocateShipment
INFO: All shipments are done
]]></system-err>
  </testcase>
  <testcase name="incompleteShipmentWithManyOrderItemManyWarehouses" classname="InventoryAllocatorTest" time="0.001"/>
  <testcase name="incompleteShipmentWithOneOrderItemOneWarehouses" classname="InventoryAllocatorTest" time="0"/>
  <testcase name="nonEmptyOrderEmptyWarehouse" classname="InventoryAllocatorTest" time="0"/>
  <testcase name="notEnoughInventoriesNoAllocations" classname="InventoryAllocatorTest" time="0"/>
  <testcase name="noneOrdersWithWarehouseNotEmpty" classname="InventoryAllocatorTest" time="0.001">
    <system-err><![CDATA[Aug 24, 2020 11:22:03 PM InventoryAllocator allocateShipment
INFO: All shipments are done
]]></system-err>
  </testcase>
  <testcase name="properOrderItemsWithWarehousesEmpty" classname="InventoryAllocatorTest" time="0"/>
  <testcase name="properShipmentWithManyOrderItemsSingleWarehouse" classname="InventoryAllocatorTest" time="0.002">
    <system-err><![CDATA[Aug 24, 2020 11:22:03 PM InventoryAllocator allocateShipment
INFO: All shipments are done
]]></system-err>
  </testcase>
</testsuite>